#
# There is insufficient memory for the Java Runtime Environment to continue.
# Native memory allocation (mmap) failed to map 134217728 bytes for G1 virtual space
# Possible reasons:
#   The system is out of physical RAM or swap space
#   The process is running with CompressedOops enabled, and the Java Heap may be blocking the growth of the native heap
# Possible solutions:
#   Reduce memory load on the system
#   Increase physical memory or swap space
#   Check if swap backing store is full
#   Decrease Java heap size (-Xmx/-Xms)
#   Decrease number of Java threads
#   Decrease Java thread stack sizes (-Xss)
#   Set larger code cache with -XX:ReservedCodeCacheSize=
#   JVM is running with Unscaled Compressed Oops mode in which the Java heap is
#     placed in the first 4GB address space. The Java Heap base address is the
#     maximum limit for the native heap growth. Please use -XX:HeapBaseMinAddress
#     to set the Java Heap base and to place the Java Heap above 4GB virtual address.
# This output file may be truncated or incomplete.
#
#  Out of Memory Error (os_windows.cpp:3760), pid=8532, tid=2696
#
# JRE version:  (17.0.5+1) (build )
# Java VM: OpenJDK 64-Bit Server VM (17.0.5+1-b653.25, mixed mode, sharing, tiered, compressed oops, compressed class ptrs, g1 gc, windows-amd64)
# No core dump will be written. Minidumps are not enabled by default on client versions of Windows
#

---------------  S U M M A R Y ------------

Command Line: -Dawt.toolkit=com.intellij.desktop.DesktopActionsToolkit -Djava.rmi.server.hostname=127.0.0.1 -Duser.timezone=UTC -Xmx750m -Xms128m --add-exports=java.desktop/sun.awt=ALL-UNNAMED --add-exports=java.desktop/java.awt.peer=ALL-UNNAMED --add-opens=java.desktop/java.awt=ALL-UNNAMED --add-opens=jdk.unsupported/sun.misc=ALL-UNNAMED --add-opens=java.base/java.nio=ALL-UNNAMED --add-opens=java.base/java.util=ALL-UNNAMED -Dfile.encoding=UTF-8 com.intellij.database.remote.RemoteJdbcServer org.mariadb.jdbc.Driver

Host: AMD Ryzen 5 2500U with Radeon Vega Mobile Gfx  , 8 cores, 6G,  Windows 10 , 64 bit Build 19041 (10.0.19041.2364)
Time: Thu Feb  2 14:45:31 2023 Malay Peninsula Standard Time elapsed time: 0.027790 seconds (0d 0h 0m 0s)

---------------  T H R E A D  ---------------

Current thread (0x0000022306dfeca0):  JavaThread "Unknown thread" [_thread_in_vm, id=2696, stack(0x000000f763a00000,0x000000f763b00000)]

Stack: [0x000000f763a00000,0x000000f763b00000]
Native frames: (J=compiled Java code, j=interpreted, Vv=VM code, C=native code)
V  [jvm.dll+0x6830ca]
V  [jvm.dll+0x83f4c4]
V  [jvm.dll+0x840c6e]
V  [jvm.dll+0x8412d3]
V  [jvm.dll+0x2490b5]
V  [jvm.dll+0x67ff99]
V  [jvm.dll+0x6744aa]
V  [jvm.dll+0x308f2b]
V  [jvm.dll+0x3103e6]
V  [jvm.dll+0x36013e]
V  [jvm.dll+0x36036f]
V  [jvm.dll+0x2df018]
V  [jvm.dll+0x2dff84]
V  [jvm.dll+0x810d91]
V  [jvm.dll+0x36df31]
V  [jvm.dll+0x7f028c]
V  [jvm.dll+0x3f0cbf]
V  [jvm.dll+0x3f2801]
C  [jli.dll+0x526b]
C  [ucrtbase.dll+0x21bb2]
C  [KERNEL32.DLL+0x17614]
C  [ntdll.dll+0x526a1]


---------------  P R O C E S S  ---------------

Threads class SMR info:
_java_thread_list=0x00007ffa41ae8f98, length=0, elements={
}

Java Threads: ( => current thread )

Other Threads:
  0x0000022306e42e20 GCTaskThread "GC Thread#0" [stack: 0x000000f763b00000,0x000000f763c00000] [id=8500]
  0x0000022306e4c900 ConcurrentGCThread "G1 Main Marker" [stack: 0x000000f763c00000,0x000000f763d00000] [id=3088]
  0x0000022306e4d1c0 ConcurrentGCThread "G1 Conc#0" [stack: 0x000000f763d00000,0x000000f763e00000] [id=3520]

[error occurred during error reporting (printing all threads), id 0xc0000005, EXCEPTION_ACCESS_VIOLATION (0xc0000005) at pc=0x00007ffa4129fbd7]

VM state: not at safepoint (not fully initialized)

VM Mutex/Monitor currently owned by a thread:  ([mutex/lock_event])
[0x0000022306df75e0] Heap_lock - owner thread: 0x0000022306dfeca0

Heap address: 0x00000000d1200000, size: 750 MB, Compressed Oops mode: 32-bit

CDS archive(s) mapped at: [0x0000000000000000-0x0000000000000000-0x0000000000000000), size 0, SharedBaseAddress: 0x0000000800000000, ArchiveRelocationMode: 0.
Narrow klass base: 0x0000000000000000, Narrow klass shift: 0, Narrow klass range: 0x0

GC Precious Log:
<Empty>

Heap:
 garbage-first heap   total 0K, used 0K [0x00000000d1200000, 0x0000000100000000)
  region size 1024K, 0 young (0K), 0 survivors (0K)

[error occurred during error reporting (printing heap information), id 0xc0000005, EXCEPTION_ACCESS_VIOLATION (0xc0000005) at pc=0x00007ffa4168cd59]

GC Heap History (0 events):
No events

Dll operation events (1 events):
Event: 0.017 Loaded shared library C:\Program Files\JetBrains\PhpStorm 2022.3.2\jbr\bin\java.dll

Deoptimization events (0 events):
No events

Classes unloaded (0 events):
No events

Classes redefined (0 events):
No events

Internal exceptions (0 events):
No events

VM Operations (0 events):
No events

Events (0 events):
No events


Dynamic libraries:
0x00007ff754a30000 - 0x00007ff754a3a000 	C:\Program Files\JetBrains\PhpStorm 2022.3.2\jbr\bin\java.exe
0x00007ffab4350000 - 0x00007ffab4548000 	C:\Windows\SYSTEM32\ntdll.dll
0x00007ffa82bc0000 - 0x00007ffa82bd7000 	C:\Program Files\Avast Software\Avast\aswhook.dll
0x00007ffab36b0000 - 0x00007ffab376f000 	C:\Windows\System32\KERNEL32.DLL
0x00007ffab2060000 - 0x00007ffab2332000 	C:\Windows\System32\KERNELBASE.dll
0x00007ffaaf240000 - 0x00007ffaaf2d1000 	C:\Windows\SYSTEM32\apphelp.dll
0x00007ffa7c770000 - 0x00007ffa7cc04000 	C:\Windows\SYSTEM32\AcLayers.DLL
0x00007ffab3ef0000 - 0x00007ffab3f8e000 	C:\Windows\System32\msvcrt.dll
0x00007ffab37b0000 - 0x00007ffab3951000 	C:\Windows\System32\USER32.dll
0x00007ffab1f60000 - 0x00007ffab1f82000 	C:\Windows\System32\win32u.dll
0x00007ffab3b10000 - 0x00007ffab3b3b000 	C:\Windows\System32\GDI32.dll
0x00007ffab1bd0000 - 0x00007ffab1cdf000 	C:\Windows\System32\gdi32full.dll
0x00007ffab1fc0000 - 0x00007ffab205d000 	C:\Windows\System32\msvcp_win.dll
0x00007ffab1ad0000 - 0x00007ffab1bd0000 	C:\Windows\System32\ucrtbase.dll
0x00007ffab3c10000 - 0x00007ffab3c65000 	C:\Windows\System32\SHLWAPI.dll
0x00007ffab3e40000 - 0x00007ffab3eee000 	C:\Windows\System32\ADVAPI32.dll
0x00007ffab2730000 - 0x00007ffab27cc000 	C:\Windows\System32\sechost.dll
0x00007ffab3d00000 - 0x00007ffab3e25000 	C:\Windows\System32\RPCRT4.dll
0x0000022304880000 - 0x0000022304883000 	C:\Windows\SYSTEM32\sfc.dll
0x00007ffa9bdb0000 - 0x00007ffa9be48000 	C:\Windows\SYSTEM32\WINSPOOL.DRV
0x00007ffaa3950000 - 0x00007ffaa3962000 	C:\Windows\SYSTEM32\sfc_os.DLL
0x00007ffaad0c0000 - 0x00007ffaad0d1000 	C:\Windows\SYSTEM32\SortWindows61.dll
0x00007ffab3770000 - 0x00007ffab37a2000 	C:\Windows\System32\IMM32.DLL
0x00007ffaa2990000 - 0x00007ffaa29a7000 	C:\Program Files\JetBrains\PhpStorm 2022.3.2\jbr\bin\jli.dll
0x00007ffaa2760000 - 0x00007ffaa277b000 	C:\Program Files\JetBrains\PhpStorm 2022.3.2\jbr\bin\VCRUNTIME140.dll
0x00007ffa96d20000 - 0x00007ffa96fba000 	C:\Windows\WinSxS\amd64_microsoft.windows.common-controls_6595b64144ccf1df_6.0.19041.1110_none_60b5254171f9507e\COMCTL32.dll
0x00007ffaacbd0000 - 0x00007ffaacbdc000 	C:\Program Files\JetBrains\PhpStorm 2022.3.2\jbr\bin\vcruntime140_1.dll
0x00007ffa7d460000 - 0x00007ffa7d4ed000 	C:\Program Files\JetBrains\PhpStorm 2022.3.2\jbr\bin\msvcp140.dll
0x00007ffa40fb0000 - 0x00007ffa41c1b000 	C:\Program Files\JetBrains\PhpStorm 2022.3.2\jbr\bin\server\jvm.dll
0x00007ffaa83a0000 - 0x00007ffaa83c7000 	C:\Windows\SYSTEM32\WINMM.dll
0x00007ffaa3320000 - 0x00007ffaa3329000 	C:\Windows\SYSTEM32\WSOCK32.dll
0x00007ffaa9c90000 - 0x00007ffaa9c9a000 	C:\Windows\SYSTEM32\VERSION.dll
0x00007ffab33f0000 - 0x00007ffab345b000 	C:\Windows\System32\WS2_32.dll
0x00007ffaaf900000 - 0x00007ffaaf912000 	C:\Windows\SYSTEM32\kernel.appcore.dll
0x00007ffaaf030000 - 0x00007ffaaf03a000 	C:\Program Files\JetBrains\PhpStorm 2022.3.2\jbr\bin\jimage.dll
0x00007ffaaa7f0000 - 0x00007ffaaa9d4000 	C:\Windows\SYSTEM32\DBGHELP.DLL
0x00007ffaa8360000 - 0x00007ffaa8395000 	C:\Windows\SYSTEM32\dbgcore.DLL
0x00007ffab1a40000 - 0x00007ffab1ac2000 	C:\Windows\System32\bcryptPrimitives.dll
0x00007ffaad650000 - 0x00007ffaad675000 	C:\Program Files\JetBrains\PhpStorm 2022.3.2\jbr\bin\java.dll

dbghelp: loaded successfully - version: 4.0.5 - missing functions: none
symbol engine: initialized successfully - sym options: 0x614 - pdb path: .;C:\Program Files\JetBrains\PhpStorm 2022.3.2\jbr\bin;C:\Windows\SYSTEM32;C:\Program Files\Avast Software\Avast;C:\Windows\WinSxS\amd64_microsoft.windows.common-controls_6595b64144ccf1df_6.0.19041.1110_none_60b5254171f9507e;C:\Program Files\JetBrains\PhpStorm 2022.3.2\jbr\bin\server

VM Arguments:
jvm_args: -Dawt.toolkit=com.intellij.desktop.DesktopActionsToolkit -Djava.rmi.server.hostname=127.0.0.1 -Duser.timezone=UTC -Xmx750m -Xms128m --add-exports=java.desktop/sun.awt=ALL-UNNAMED --add-exports=java.desktop/java.awt.peer=ALL-UNNAMED --add-opens=java.desktop/java.awt=ALL-UNNAMED --add-opens=jdk.unsupported/sun.misc=ALL-UNNAMED --add-opens=java.base/java.nio=ALL-UNNAMED --add-opens=java.base/java.util=ALL-UNNAMED -Dfile.encoding=UTF-8 
java_command: com.intellij.database.remote.RemoteJdbcServer org.mariadb.jdbc.Driver
java_class_path (initial): C:\Program Files\JetBrains\PhpStorm 2022.3.2\lib\util_rt.jar;C:\Program Files\JetBrains\PhpStorm 2022.3.2\lib\3rd-party-rt.jar;C:\Program Files\JetBrains\PhpStorm 2022.3.2\lib\groovy.jar;C:\Program Files\JetBrains\PhpStorm 2022.3.2\plugins\DatabaseTools\lib\jdbc-console.jar;C:\Program Files\JetBrains\PhpStorm 2022.3.2\plugins\grid-core-impl\lib\jdbc-console-types.jar;C:\Users\ramue\AppData\Roaming\JetBrains\PhpStorm2022.3\jdbc-drivers\MariaDB Connector J\3.0.7\org\mariadb\jdbc\mariadb-java-client\3.0.7\mariadb-java-client-3.0.7.jar
Launcher Type: SUN_STANDARD

[Global flags]
     intx CICompilerCount                          = 4                                         {product} {ergonomic}
     uint ConcGCThreads                            = 2                                         {product} {ergonomic}
     uint G1ConcRefinementThreads                  = 8                                         {product} {ergonomic}
   size_t G1HeapRegionSize                         = 1048576                                   {product} {ergonomic}
    uintx GCDrainStackTargetSize                   = 64                                        {product} {ergonomic}
   size_t InitialHeapSize                          = 134217728                                 {product} {command line}
   size_t MarkStackSize                            = 4194304                                   {product} {ergonomic}
   size_t MaxHeapSize                              = 786432000                                 {product} {command line}
   size_t MinHeapDeltaBytes                        = 1048576                                   {product} {ergonomic}
   size_t MinHeapSize                              = 134217728                                 {product} {command line}
    uintx NonNMethodCodeHeapSize                   = 5839372                                {pd product} {ergonomic}
    uintx NonProfiledCodeHeapSize                  = 122909434                              {pd product} {ergonomic}
    uintx ProfiledCodeHeapSize                     = 122909434                              {pd product} {ergonomic}
    uintx ReservedCodeCacheSize                    = 251658240                              {pd product} {ergonomic}
     bool SegmentedCodeCache                       = true                                      {product} {ergonomic}
   size_t SoftMaxHeapSize                          = 786432000                              {manageable} {ergonomic}
     bool UseCompressedClassPointers               = true                           {product lp64_product} {ergonomic}
     bool UseCompressedOops                        = true                           {product lp64_product} {ergonomic}
     bool UseG1GC                                  = true                                      {product} {ergonomic}
     bool UseLargePagesIndividualAllocation        = false                                  {pd product} {ergonomic}

Logging:
Log output configuration:
 #0: stdout all=warning uptime,level,tags
 #1: stderr all=off uptime,level,tags

Environment Variables:
PATH=C:\Windows\system32;C:\Windows;C:\Windows\System32\Wbem;C:\Windows\System32\WindowsPowerShell\v1.0\;C:\Windows\System32\OpenSSH\;C:\Program Files (x86)\dotnet\;C:\Program Files (x86)\Windows Kits\8.1\Windows Performance Toolkit\;C:\Program Files\nodejs\;C:\Program Files\Git\cmd;C:\Program Files\MongoDB\Server\mongosh-1.6.2-win32-x64\bin;C:\Program Files\MongoDB\Server\6.0\bin;C:\xampp\php;C:\composer;C:\Users\ramue\AppData\Local\Microsoft\WindowsApps;C:\Users\ramue\AppData\Local\Programs\Microsoft VS Code\bin;C:\Users\ramue\AppData\Roaming\npm;C:\Users\ramue\AppData\Local\GitHubDesktop\bin;C:\xampp\php;C:\Users\ramue\AppData\Roaming\Composer\vendor\bin;
USERNAME=ramue
OS=Windows_NT
PROCESSOR_IDENTIFIER=AMD64 Family 23 Model 17 Stepping 0, AuthenticAMD
TMP=C:\Users\ramue\AppData\Local\Temp
TEMP=C:\Users\ramue\AppData\Local\Temp



---------------  S Y S T E M  ---------------

OS:
 Windows 10 , 64 bit Build 19041 (10.0.19041.2364)
OS uptime: 0 days 3:35 hours

CPU: total 8 (initial active 8) (8 cores per cpu, 2 threads per core) family 23 model 17 stepping 0 microcode 0x0, cx8, cmov, fxsr, ht, mmx, 3dnowpref, sse, sse2, sse3, ssse3, sse4a, sse4.1, sse4.2, popcnt, lzcnt, tsc, tscinvbit, avx, avx2, aes, clmul, bmi1, bmi2, adx, sha, fma, vzeroupper, clflush, clflushopt

Memory: 4k page, system-wide physical 7068M (532M free)
TotalPageFile size 13212M (AvailPageFile size 5M)
current process WorkingSet (physical memory assigned to process): 15M, peak: 15M
current process commit charge ("private bytes"): 66M, peak: 192M

vm_info: OpenJDK 64-Bit Server VM (17.0.5+1-b653.25) for windows-amd64 JRE (17.0.5+1-b653.25), built on 2023-01-04 by "builduser" with MS VC++ 16.10 / 16.11 (VS2019)

END.
